<?xml version="1.0" encoding="UTF-8"?>
<!-- Generated by org.testng.reporters.JUnitXMLReporter -->
<testsuite ignored="1" hostname="Nitin" failures="0" tests="1" name="Default test" time="17.347" errors="0" timestamp="2023-08-21T10:52:40 IST">
  <testcase classname="com.w3schools.tests.LoginTest" name="loginWithValidCredentials" time="17.018"/>
  <testcase classname="com.w3schools.tests.LoginTest" name="loginWithInvalidEmail" time="0.0">
    <ignored/>
  </testcase> <!-- loginWithInvalidEmail -->
</testsuite> <!-- Default test -->
