<?xml version="1.0" encoding="UTF-8"?>
<testng-results ignored="0" total="2" passed="2" failed="0" skipped="0">
  <reporter-output>
  </reporter-output>
  <suite started-at="2023-08-19T10:44:06 IST" name="Default suite" finished-at="2023-08-19T10:44:50 IST" duration-ms="44016">
    <groups>
    </groups>
    <test started-at="2023-08-19T10:44:06 IST" name="Default test" finished-at="2023-08-19T10:44:50 IST" duration-ms="44016">
      <class name="com.w3schools.tests.LoginTest">
        <test-method signature="loginWithInvalidEmail()[pri:0, instance:com.w3schools.tests.LoginTest@5b7a5baa]" started-at="2023-08-19T10:44:06 IST" name="loginWithInvalidEmail" finished-at="2023-08-19T10:44:35 IST" duration-ms="29240" status="PASS">
          <reporter-output>
          </reporter-output>
        </test-method> <!-- loginWithInvalidEmail -->
        <test-method is-config="true" signature="closeAllBrowsers()[pri:0, instance:com.w3schools.tests.LoginTest@5b7a5baa]" started-at="2023-08-19T10:44:35 IST" name="closeAllBrowsers" finished-at="2023-08-19T10:44:35 IST" duration-ms="130" status="PASS">
          <reporter-output>
          </reporter-output>
        </test-method> <!-- closeAllBrowsers -->
        <test-method signature="loginWithValidCredentials()[pri:0, instance:com.w3schools.tests.LoginTest@5b7a5baa]" started-at="2023-08-19T10:44:35 IST" name="loginWithValidCredentials" finished-at="2023-08-19T10:44:49 IST" duration-ms="14409" status="PASS">
          <reporter-output>
          </reporter-output>
        </test-method> <!-- loginWithValidCredentials -->
        <test-method is-config="true" signature="closeAllBrowsers()[pri:0, instance:com.w3schools.tests.LoginTest@5b7a5baa]" started-at="2023-08-19T10:44:49 IST" name="closeAllBrowsers" finished-at="2023-08-19T10:44:50 IST" duration-ms="180" status="PASS">
          <reporter-output>
          </reporter-output>
        </test-method> <!-- closeAllBrowsers -->
      </class> <!-- com.w3schools.tests.LoginTest -->
    </test> <!-- Default test -->
  </suite> <!-- Default suite -->
</testng-results>
