<?xml version="1.0" encoding="UTF-8"?>
<testng-results ignored="1" total="2" passed="1" failed="0" skipped="0">
  <reporter-output>
  </reporter-output>
  <suite started-at="2023-08-21T10:52:23 IST" name="Default suite" finished-at="2023-08-21T10:52:40 IST" duration-ms="17347">
    <groups>
    </groups>
    <test started-at="2023-08-21T10:52:23 IST" name="Default test" finished-at="2023-08-21T10:52:40 IST" duration-ms="17347">
      <class name="com.w3schools.tests.LoginTest">
        <test-method signature="loginWithValidCredentials()[pri:0, instance:com.w3schools.tests.LoginTest@443118b0]" started-at="2023-08-21T10:52:23 IST" name="loginWithValidCredentials" finished-at="2023-08-21T10:52:40 IST" duration-ms="17018" status="PASS">
          <reporter-output>
          </reporter-output>
        </test-method> <!-- loginWithValidCredentials -->
        <test-method is-config="true" signature="closeAllBrowsers()[pri:0, instance:com.w3schools.tests.LoginTest@443118b0]" started-at="2023-08-21T10:52:40 IST" name="closeAllBrowsers" finished-at="2023-08-21T10:52:40 IST" duration-ms="281" status="PASS">
          <reporter-output>
          </reporter-output>
        </test-method> <!-- closeAllBrowsers -->
      </class> <!-- com.w3schools.tests.LoginTest -->
    </test> <!-- Default test -->
  </suite> <!-- Default suite -->
</testng-results>
